<?xml version="1.0" encoding="UTF-8"?>
<!-- Generated by org.testng.reporters.JUnitXMLReporter -->
<testsuite ignored="8" hostname="Yogesh-Laptop-01" failures="1" tests="52" name="Test" time="443.727" errors="0" timestamp="2022-12-20T22:40:07 IST">
  <testcase classname="com.qa.Google.tests.GoogleWebPageTest" name="launchGooglePage" time="0.053"/>
  <testcase classname="com.qa.Google.tests.GoogleWebPageTest" name="WebPageUrlTest" time="0.01"/>
  <testcase classname="com.qa.Google.tests.GoogleWebPageTest" name="verifyTitlebarBtn" time="0.084"/>
  <testcase classname="com.qa.Google.tests.GoogleWebPageTest" name="verifyBtn" time="0.152"/>
  <testcase classname="com.qa.Google.tests.GoogleProductPageTest" name="GoogleProductPageSetup" time="0.808"/>
  <testcase classname="com.qa.Google.tests.GoogleProductPageTest" name="allAppExist" time="1.864"/>
  <testcase classname="com.qa.Google.tests.GoogleProductPageTest" name="openAccountPage" time="12.926"/>
  <testcase classname="com.qa.Google.tests.GoogleProductPageTest" name="openSearchPage" time="4.899"/>
  <testcase classname="com.qa.Google.tests.GoogleProductPageTest" name="openMapPage" time="13.368"/>
  <testcase classname="com.qa.Google.tests.GoogleProductPageTest" name="openYouTubePage" time="22.755"/>
  <testcase classname="com.qa.Google.tests.GoogleProductPageTest" name="openPlayStorePage" time="11.507"/>
  <testcase classname="com.qa.Google.tests.GoogleProductPageTest" name="openNewsPage" time="8.422">
    <failure type="java.lang.AssertionError" message="expected [Google News] but found []">
      <![CDATA[java.lang.AssertionError: expected [Google News] but found []
at com.qa.Google.tests.GoogleProductPageTest.openNewsPage(GoogleProductPageTest.java:59)
at java.base/java.util.ArrayList.forEach(ArrayList.java:1511)
... Removed 33 stack frames]]>
    </failure>
  </testcase> <!-- openNewsPage -->
  <testcase classname="com.qa.Google.tests.GoogleProductPageTest" name="openGmailPage" time="11.681"/>
  <testcase classname="com.qa.Google.tests.GoogleProductPageTest" name="openMeetPage" time="8.183"/>
  <testcase classname="com.qa.Google.tests.YouTubePageTest" name="GoogleProductPageSetup" time="0.13"/>
  <testcase classname="com.qa.Google.tests.YouTubePageTest" name="openMapPage" time="1.046"/>
  <testcase classname="com.qa.Google.tests.YouTubePageTest" name="youTubePagettitleTest" time="0.03"/>
  <testcase classname="com.qa.Google.tests.YouTubePageTest" name="doLoginYouTubePage" time="36.765"/>
  <testcase classname="com.qa.Google.tests.PlayStorePageTest" name="GoogleProductPageSetup" time="0.101"/>
  <testcase classname="com.qa.Google.tests.PlayStorePageTest" name="openPlayStorePage" time="1.985"/>
  <testcase classname="com.qa.Google.tests.PlayStorePageTest" name="PlayStorePagettitleTest" time="2.022"/>
  <testcase classname="com.qa.Google.tests.PlayStorePageTest" name="doLoginPlayStorePage" time="15.402"/>
  <testcase classname="com.qa.Google.tests.GoogleMapPageTest" name="GoogleProductPageSetup" time="0.13"/>
  <testcase classname="com.qa.Google.tests.GoogleMapPageTest" name="openMapPage" time="1.172"/>
  <testcase classname="com.qa.Google.tests.GoogleMapPageTest" name="MapPagettitleTest" time="0.024"/>
  <testcase classname="com.qa.Google.tests.GoogleMapPageTest" name="doLoginMapPage" time="30.37"/>
  <testcase classname="com.qa.Google.tests.NewsPageTest" name="GoogleProductPageSetup" time="0.155"/>
  <testcase classname="com.qa.Google.tests.NewsPageTest" name="openPlayStorePage" time="1.726"/>
  <testcase classname="com.qa.Google.tests.NewsPageTest" name="PlayStorePagettitleTest" time="2.48"/>
  <testcase classname="com.qa.Google.tests.NewsPageTest" name="doLoginPlayStorePage" time="14.57"/>
  <testcase classname="com.qa.Google.tests.GoogleSearchPageTest" name="GoogleProductPageSetup" time="0.112"/>
  <testcase classname="com.qa.Google.tests.GoogleSearchPageTest" name="openSearchPage" time="1.077"/>
  <testcase classname="com.qa.Google.tests.GoogleSearchPageTest" name="verifyButtonsIsExist" time="0.77"/>
  <testcase classname="com.qa.Google.tests.GoogleSearchPageTest" name="SelectMarathiLangauge" time="2.219"/>
  <testcase classname="com.qa.Google.tests.GoogleSearchPageTest" name="SelectHindiLangauge" time="2.096"/>
  <testcase classname="com.qa.Google.tests.GoogleSearchPageTest" name="SelectEnglishLangauge" time="2.173"/>
  <testcase classname="com.qa.Google.tests.GoogleSearchPageTest" name="Search_Amitabh_Bachchan" time="7.799"/>
  <testcase classname="com.qa.Google.tests.GoogleSearchPageTest" name="ProductsAllExist" time="13.052"/>
  <testcase classname="com.qa.Google.tests.GoogleAccountPageTest" name="GoogleProductPageSetup" time="0.118"/>
  <testcase classname="com.qa.Google.tests.GoogleAccountPageTest" name="openGoogleAccount" time="1.771"/>
  <testcase classname="com.qa.Google.tests.GoogleAccountPageTest" name="GoogleAccountLogoExist" time="3.492"/>
  <testcase classname="com.qa.Google.tests.GoogleAccountPageTest" name="loginPageTitleTest" time="0.021"/>
  <testcase classname="com.qa.Google.tests.GoogleAccountPageTest" name="doLoginGoogleAccount" time="38.895"/>
  <testcase classname="com.qa.Google.tests.GmailPageTest" name="GoogleProductPageSetup" time="0.101"/>
  <testcase classname="com.qa.Google.tests.GmailPageTest" name="openGmailPage" time="3.775"/>
  <testcase classname="com.qa.Google.tests.GmailPageTest" name="GmailPagettitleTest" time="0.02"/>
  <testcase classname="com.qa.Google.tests.GmailPageTest" name="doLoginGmailPage" time="15.258"/>
  <testcase classname="com.qa.Google.tests.GmailPageTest" name="VerifyTotalNumbersOfEmailRecived" time="5.104"/>
  <testcase classname="com.qa.Google.tests.GmailPageTest" name="VerifyTotalNumbersOfEmailIsStar" time="5.316"/>
  <testcase classname="com.qa.Google.tests.GmailPageTest" name="VerifyTotalReadEmails" time="4.988"/>
  <testcase classname="com.qa.Google.tests.GmailPageTest" name="VerifyTotalUnReadEmails" time="4.533"/>
  <testcase classname="com.qa.Google.tests.GmailPageTest" name="VerifyAndSendComoposeEmail" time="3.712"/>
  <testcase classname="com.qa.Google.tests.BaseTest" name="@BeforeSuite beforeSuite" time="0.0">
    <ignored/>
  </testcase> <!-- @BeforeSuite beforeSuite -->
  <testcase classname="com.qa.Google.tests.BaseTest" name="@BeforeSuite beforeSuite" time="0.0">
    <ignored/>
  </testcase> <!-- @BeforeSuite beforeSuite -->
  <testcase classname="com.qa.Google.tests.BaseTest" name="@BeforeSuite beforeSuite" time="0.0">
    <ignored/>
  </testcase> <!-- @BeforeSuite beforeSuite -->
  <testcase classname="com.qa.Google.tests.BaseTest" name="@BeforeSuite beforeSuite" time="0.0">
    <ignored/>
  </testcase> <!-- @BeforeSuite beforeSuite -->
  <testcase classname="com.qa.Google.tests.BaseTest" name="@BeforeSuite beforeSuite" time="0.0">
    <ignored/>
  </testcase> <!-- @BeforeSuite beforeSuite -->
  <testcase classname="com.qa.Google.tests.BaseTest" name="@BeforeSuite beforeSuite" time="0.0">
    <ignored/>
  </testcase> <!-- @BeforeSuite beforeSuite -->
  <testcase classname="com.qa.Google.tests.BaseTest" name="@BeforeSuite beforeSuite" time="0.0">
    <ignored/>
  </testcase> <!-- @BeforeSuite beforeSuite -->
  <testcase classname="com.qa.Google.tests.BaseTest" name="@BeforeSuite beforeSuite" time="0.0">
    <ignored/>
  </testcase> <!-- @BeforeSuite beforeSuite -->
</testsuite> <!-- Test -->
