<?xml version="1.0" encoding="UTF-8"?>
<!-- Generated by org.testng.reporters.JUnitXMLReporter -->
<testsuite ignored="0" hostname="Yogesh-Laptop-01" failures="0" tests="8" name="Google Search Page Test" time="118.969" errors="0" timestamp="2022-12-09T16:02:47 IST">
  <testcase classname="com.qa.Google.tests.GoogleSearchPageTest" name="GoogleProductPageSetup" time="0.706"/>
  <testcase classname="com.qa.Google.tests.GoogleSearchPageTest" name="openSearchPage" time="5.282"/>
  <testcase classname="com.qa.Google.tests.GoogleSearchPageTest" name="verifyButtonsIsExist" time="1.71"/>
  <testcase classname="com.qa.Google.tests.GoogleSearchPageTest" name="SelectMarathiLangauge" time="5.059"/>
  <testcase classname="com.qa.Google.tests.GoogleSearchPageTest" name="SelectHindiLangauge" time="2.858"/>
  <testcase classname="com.qa.Google.tests.GoogleSearchPageTest" name="SelectEnglishLangauge" time="3.016"/>
  <testcase classname="com.qa.Google.tests.GoogleSearchPageTest" name="Search_Amitabh_Bachchan" time="22.677"/>
  <testcase classname="com.qa.Google.tests.GoogleSearchPageTest" name="ProductsAllExist" time="18.411"/>
</testsuite> <!-- Google Search Page Test -->
