<?xml version="1.0" encoding="UTF-8"?>
<!-- Generated by org.testng.reporters.JUnitXMLReporter -->
<testsuite ignored="0" hostname="Yogesh-Laptop-01" failures="0" tests="9" name="Google Gmail Page Test" time="154.099" errors="0" timestamp="2022-12-09T16:03:22 IST">
  <testcase classname="com.qa.Google.tests.GmailPageTest" name="GoogleProductPageSetup" time="1.126"/>
  <testcase classname="com.qa.Google.tests.GmailPageTest" name="openGmailPage" time="8.59"/>
  <testcase classname="com.qa.Google.tests.GmailPageTest" name="GmailPagettitleTest" time="0.134"/>
  <testcase classname="com.qa.Google.tests.GmailPageTest" name="doLoginGmailPage" time="71.507"/>
  <testcase classname="com.qa.Google.tests.GmailPageTest" name="VerifyTotalNumbersOfEmailRecived" time="10.898"/>
  <testcase classname="com.qa.Google.tests.GmailPageTest" name="VerifyTotalNumbersOfEmailIsStar" time="3.802"/>
  <testcase classname="com.qa.Google.tests.GmailPageTest" name="VerifyTotalReadEmails" time="4.22"/>
  <testcase classname="com.qa.Google.tests.GmailPageTest" name="VerifyTotalUnReadEmails" time="4.91"/>
  <testcase classname="com.qa.Google.tests.GmailPageTest" name="VerifyAndSendComoposeEmail" time="5.63"/>
</testsuite> <!-- Google Gmail Page Test -->
